(2026-03-01 16:15:08,589) | excel_pipeline | INFO => 'Pipeline started'
(2026-03-01 16:15:08,594) | excel_pipeline | INFO => 'Loading file: ecommerce_orders_v2.xlsx'
(2026-03-01 16:15:08,594) | excel_pipeline | INFO => 'Reading Excel file...'
(2026-03-01 16:15:22,059) | excel_pipeline | INFO => 'Loaded sheet 'Sheet1' | Rows: 200000'
(2026-03-01 16:15:22,074) | excel_pipeline | INFO => 'Normalized columns: ['order_id', 'customer_email', 'order_date', 'total_amount', 'order_status', 'notes', 'load_time']'
(2026-03-01 16:15:22,076) | excel_pipeline | INFO => 'Schema alignment completed.'
(2026-03-01 16:15:23,462) | excel_pipeline | INFO => 'Validation finished | Clean: 67200 | Rejected: 132800'
(2026-03-01 16:15:23,469) | excel_pipeline | INFO => 'Processing complete | Clean: 67200 | Rejected: 132800'
(2026-03-01 16:15:23,513) | excel_pipeline | INFO => 'Aggregated results |
Total Clean: 67200
Total Rejected: 132800'
(2026-03-01 16:15:23,774) | excel_pipeline | INFO => 'Cleaned file written: d:\excel_c0\output\cleaned\ecommerce_orders_v2_cleaned_20260301_161523.csv'
(2026-03-01 16:15:24,382) | excel_pipeline | INFO => 'Rejected file written: d:\excel_c0\output\rejected\ecommerce_orders_v2_rejected_20260301_161523.csv'
(2026-03-01 16:15:56,372) | excel_pipeline | INFO => 'Pipeline started'
(2026-03-01 16:15:56,379) | excel_pipeline | INFO => 'Loading file: ecommerce_orders_v2.xlsx'
(2026-03-01 16:15:56,380) | excel_pipeline | INFO => 'Reading Excel file...'
(2026-03-01 16:16:09,745) | excel_pipeline | INFO => 'Loaded sheet 'Sheet1' | Rows: 200000'
(2026-03-01 16:16:09,757) | excel_pipeline | INFO => 'Normalized columns: ['order_id', 'customer_email', 'order_date', 'total_amount', 'order_status', 'notes', 'load_time']'
(2026-03-01 16:16:09,759) | excel_pipeline | INFO => 'Schema alignment completed.'
(2026-03-01 16:16:11,105) | excel_pipeline | INFO => 'Validation finished | Clean: 67200 | Rejected: 132800'
(2026-03-01 16:16:11,115) | excel_pipeline | INFO => 'Processing complete | Clean: 67200 | Rejected: 132800'
(2026-03-01 16:16:11,129) | excel_pipeline | INFO => 'Aggregated results |
Total Clean: 67200
Total Rejected: 132800'
(2026-03-01 16:16:11,433) | excel_pipeline | INFO => 'Cleaned file written: d:\excel_c0\output\cleaned\ecommerce_orders_v2_cleaned_20260301_161611.csv'
(2026-03-01 16:16:12,090) | excel_pipeline | INFO => 'Rejected file written: d:\excel_c0\output\rejected\ecommerce_orders_v2_rejected_20260301_161611.csv'
(2026-03-01 16:16:23,985) | excel_pipeline | INFO => 'Cleaned file written: d:\excel_c0\output\cleaned\ecommerce_orders_v2_cleaned_20260301_161611.xlsx'
(2026-03-01 16:16:49,425) | excel_pipeline | INFO => 'Rejected file written: d:\excel_c0\output\rejected\ecommerce_orders_v2_rejected_20260301_161611.xlsx'
(2026-03-01 16:16:49,453) | excel_pipeline | INFO => 'Report generated: d:\excel_c0\output\reports\pipeline_report_20260301_161649.txt'
(2026-03-01 16:16:49,815) | excel_pipeline | INFO => 'Top rejection reasons: {'total_amount_invalid_numeric': 60146, 'order_status_null': 39858, 'order_status_invalid': 39858, 'customer_email_null': 35800, 'total_amount_null': 30206, 'order_date_null': 29658, 'order_date_invalid_date': 29658, 'total_amount_below_min': 19817}'
(2026-03-01 16:16:49,825) | excel_pipeline | INFO => 'Top rejection reasons:
{'total_amount_invalid_numeric': 60146, 'order_status_null': 39858, 'order_status_invalid': 39858, 'customer_email_null': 35800, 'total_amount_null': 30206, 'order_date_null': 29658, 'order_date_invalid_date': 29658, 'total_amount_below_min': 19817}'
(2026-03-01 16:16:49,840) | excel_pipeline | INFO => 'Null ratios per column: {'order_id': 0.0, 'customer_email': 0.0, 'order_date': 0.0, 'order_status': 0.0, 'total_amount': 0.0, 'notes': 0.5022767857142857, 'load_time': 0.0}'
(2026-03-01 16:16:49,841) | excel_pipeline | INFO => 'Null ratios:
{'order_id': 0.0, 'customer_email': 0.0, 'order_date': 0.0, 'order_status': 0.0, 'total_amount': 0.0, 'notes': 0.5022767857142857, 'load_time': 0.0}'
(2026-03-01 16:16:49,901) | excel_pipeline | INFO => 'Duplicate rate: 0.00%'
(2026-03-01 16:17:07,527) | excel_pipeline | INFO => 'Email sent successfully with 5 attachment(s).'
(2026-03-01 16:17:07,531) | excel_pipeline | INFO => 'Pipeline finished sucessfully'
(2026-03-01 18:17:19,902) | excel_pipeline | INFO => 'Pipeline started'
(2026-03-01 18:17:19,907) | excel_pipeline | INFO => 'Loading file: ecommerce_orders_v2.xlsx'
(2026-03-01 18:17:19,908) | excel_pipeline | INFO => 'Reading Excel file...'
(2026-03-01 18:17:32,334) | excel_pipeline | INFO => 'Loaded sheet 'Sheet1' | Rows: 200000'
(2026-03-01 18:17:32,343) | excel_pipeline | INFO => 'Normalized columns: ['order_id', 'customer_email', 'order_date', 'total_amount', 'order_status', 'notes', 'load_time']'
(2026-03-01 18:17:32,345) | excel_pipeline | INFO => 'Schema alignment completed.'
(2026-03-01 18:17:33,633) | excel_pipeline | INFO => 'Validation finished | Clean: 67200 | Rejected: 132800'
(2026-03-01 18:17:33,639) | excel_pipeline | INFO => 'Processing complete | Clean: 67200 | Rejected: 132800'
(2026-03-01 18:17:33,650) | excel_pipeline | INFO => 'Aggregated results |
Total Clean: 67200
Total Rejected: 132800'
(2026-03-01 18:17:33,944) | excel_pipeline | INFO => 'Cleaned file written: d:\excel_c0\output\cleaned\ecommerce_orders_v2_cleaned_20260301_181733.csv'
(2026-03-01 18:17:34,542) | excel_pipeline | INFO => 'Rejected file written: d:\excel_c0\output\rejected\ecommerce_orders_v2_rejected_20260301_181733.csv'
(2026-03-01 18:17:46,148) | excel_pipeline | INFO => 'Cleaned file written: d:\excel_c0\output\cleaned\ecommerce_orders_v2_cleaned_20260301_181733.xlsx'
(2026-03-01 18:18:10,986) | excel_pipeline | INFO => 'Rejected file written: d:\excel_c0\output\rejected\ecommerce_orders_v2_rejected_20260301_181733.xlsx'
(2026-03-01 18:18:11,013) | excel_pipeline | INFO => 'Report generated: d:\excel_c0\output\reports\pipeline_report_20260301_181810.txt'
(2026-03-01 18:18:11,327) | excel_pipeline | INFO => 'Top rejection reasons: {'total_amount_invalid_numeric': 60146, 'order_status_null': 39858, 'order_status_invalid': 39858, 'customer_email_null': 35800, 'total_amount_null': 30206, 'order_date_null': 29658, 'order_date_invalid_date': 29658, 'total_amount_below_min': 19817}'
(2026-03-01 18:18:11,334) | excel_pipeline | INFO => 'Top rejection reasons:
{'total_amount_invalid_numeric': 60146, 'order_status_null': 39858, 'order_status_invalid': 39858, 'customer_email_null': 35800, 'total_amount_null': 30206, 'order_date_null': 29658, 'order_date_invalid_date': 29658, 'total_amount_below_min': 19817}'
(2026-03-01 18:18:11,348) | excel_pipeline | INFO => 'Null ratios per column: {'order_id': 0.0, 'customer_email': 0.0, 'order_date': 0.0, 'order_status': 0.0, 'total_amount': 0.0, 'notes': 0.5022767857142857, 'load_time': 0.0}'
(2026-03-01 18:18:11,349) | excel_pipeline | INFO => 'Null ratios:
{'order_id': 0.0, 'customer_email': 0.0, 'order_date': 0.0, 'order_status': 0.0, 'total_amount': 0.0, 'notes': 0.5022767857142857, 'load_time': 0.0}'
(2026-03-01 18:18:11,414) | excel_pipeline | INFO => 'Duplicate rate: 0.00%'
(2026-03-01 18:18:36,707) | excel_pipeline | INFO => 'Email sent successfully with 5 attachment(s).'
(2026-03-01 18:18:36,710) | excel_pipeline | INFO => 'Pipeline finished sucessfully'
